<?xml version="1.0" encoding="UTF-8"?>
<!-- Generated by org.testng.reporters.JUnitXMLReporter -->
<testsuite hostname="DINESH" ignored="1" name="Default test" tests="3" failures="0" timestamp="28 Jan 2020 06:18:37 GMT" time="0.095" errors="0">
  <testcase name="insert" time="0.016" classname="tconp.Groupss"/>
  <testcase name="select" time="0.003" classname="tconp.Groupss"/>
  <testcase name="updates" time="0.004" classname="tconp.Groupss"/>
  <testcase name="delect" time="0.0" classname="tconp.Groupss">
    <ignored/>
  </testcase> <!-- delect -->
</testsuite> <!-- Default test -->
