<?xml version="1.0" encoding="UTF-8"?>
<testng-results skipped="0" failed="0" ignored="1" total="4" passed="3">
  <reporter-output>
  </reporter-output>
  <suite name="Default suite" duration-ms="95" started-at="2020-01-28T06:18:37Z" finished-at="2020-01-28T06:18:37Z">
    <groups>
    </groups>
    <test name="Default test" duration-ms="95" started-at="2020-01-28T06:18:37Z" finished-at="2020-01-28T06:18:37Z">
      <class name="tconp.Groupss">
        <test-method status="PASS" signature="insert()[pri:0, instance:tconp.Groupss@5ae9a829]" name="insert" duration-ms="16" started-at="2020-01-28T06:18:37Z" finished-at="2020-01-28T06:18:37Z">
          <reporter-output>
          </reporter-output>
        </test-method> <!-- insert -->
        <test-method status="PASS" signature="select()[pri:0, instance:tconp.Groupss@5ae9a829]" name="select" duration-ms="3" started-at="2020-01-28T06:18:37Z" depends-on-methods="tconp.Groupss.insert" finished-at="2020-01-28T06:18:37Z">
          <reporter-output>
          </reporter-output>
        </test-method> <!-- select -->
        <test-method status="PASS" signature="updates()[pri:0, instance:tconp.Groupss@5ae9a829]" name="updates" duration-ms="4" started-at="2020-01-28T06:18:37Z" depends-on-methods="tconp.Groupss.select" finished-at="2020-01-28T06:18:37Z">
          <reporter-output>
          </reporter-output>
        </test-method> <!-- updates -->
      </class> <!-- tconp.Groupss -->
    </test> <!-- Default test -->
  </suite> <!-- Default suite -->
</testng-results>
